<?xml version="1.0" encoding="UTF-8"?>
<testsuite xmlns:xsi="http://www.w3.org/2001/XMLSchema-instance" xsi:noNamespaceSchemaLocation="https://maven.apache.org/surefire/maven-surefire-plugin/xsd/surefire-test-report-3.0.xsd" version="3.0" name="TestSuite" time="36.639" tests="1" errors="0" skipped="0" failures="1">
  <properties>
    <property name="java.specification.version" value="20"/>
    <property name="webdriver.chrome.driver" value="/Users/nikita98narwal/eclipse-workspace/E-Banking//Drivers//chromedriver"/>
    <property name="sun.jnu.encoding" value="UTF-8"/>
    <property name="java.class.path" value="/Users/nikita98narwal/eclipse-workspace/E-Banking/target/test-classes:/Users/nikita98narwal/eclipse-workspace/E-Banking/target/classes:/Users/nikita98narwal/.m2/repository/junit/junit/4.11/junit-4.11.jar:/Users/nikita98narwal/.m2/repository/org/hamcrest/hamcrest-core/1.3/hamcrest-core-1.3.jar:/Users/nikita98narwal/.m2/repository/org/testng/testng/7.8.0/testng-7.8.0.jar:/Users/nikita98narwal/.m2/repository/org/slf4j/slf4j-api/1.7.36/slf4j-api-1.7.36.jar:/Users/nikita98narwal/.m2/repository/com/beust/jcommander/1.82/jcommander-1.82.jar:/Users/nikita98narwal/.m2/repository/org/webjars/jquery/3.6.1/jquery-3.6.1.jar:/Users/nikita98narwal/.m2/repository/org/seleniumhq/selenium/selenium-java/4.13.0/selenium-java-4.13.0.jar:/Users/nikita98narwal/.m2/repository/org/seleniumhq/selenium/selenium-api/4.13.0/selenium-api-4.13.0.jar:/Users/nikita98narwal/.m2/repository/org/seleniumhq/selenium/selenium-chrome-driver/4.13.0/selenium-chrome-driver-4.13.0.jar:/Users/nikita98narwal/.m2/repository/com/google/auto/service/auto-service-annotations/1.1.1/auto-service-annotations-1.1.1.jar:/Users/nikita98narwal/.m2/repository/com/google/guava/guava/32.1.2-jre/guava-32.1.2-jre.jar:/Users/nikita98narwal/.m2/repository/com/google/guava/failureaccess/1.0.1/failureaccess-1.0.1.jar:/Users/nikita98narwal/.m2/repository/com/google/guava/listenablefuture/9999.0-empty-to-avoid-conflict-with-guava/listenablefuture-9999.0-empty-to-avoid-conflict-with-guava.jar:/Users/nikita98narwal/.m2/repository/com/google/code/findbugs/jsr305/3.0.2/jsr305-3.0.2.jar:/Users/nikita98narwal/.m2/repository/org/checkerframework/checker-qual/3.33.0/checker-qual-3.33.0.jar:/Users/nikita98narwal/.m2/repository/com/google/errorprone/error_prone_annotations/2.18.0/error_prone_annotations-2.18.0.jar:/Users/nikita98narwal/.m2/repository/com/google/j2objc/j2objc-annotations/2.8/j2objc-annotations-2.8.jar:/Users/nikita98narwal/.m2/repository/org/seleniumhq/selenium/selenium-chromium-driver/4.13.0/selenium-chromium-driver-4.13.0.jar:/Users/nikita98narwal/.m2/repository/org/seleniumhq/selenium/selenium-json/4.13.0/selenium-json-4.13.0.jar:/Users/nikita98narwal/.m2/repository/org/seleniumhq/selenium/selenium-manager/4.13.0/selenium-manager-4.13.0.jar:/Users/nikita98narwal/.m2/repository/org/seleniumhq/selenium/selenium-devtools-v115/4.13.0/selenium-devtools-v115-4.13.0.jar:/Users/nikita98narwal/.m2/repository/org/seleniumhq/selenium/selenium-devtools-v116/4.13.0/selenium-devtools-v116-4.13.0.jar:/Users/nikita98narwal/.m2/repository/org/seleniumhq/selenium/selenium-devtools-v117/4.13.0/selenium-devtools-v117-4.13.0.jar:/Users/nikita98narwal/.m2/repository/org/seleniumhq/selenium/selenium-devtools-v85/4.13.0/selenium-devtools-v85-4.13.0.jar:/Users/nikita98narwal/.m2/repository/org/seleniumhq/selenium/selenium-edge-driver/4.13.0/selenium-edge-driver-4.13.0.jar:/Users/nikita98narwal/.m2/repository/org/seleniumhq/selenium/selenium-firefox-driver/4.13.0/selenium-firefox-driver-4.13.0.jar:/Users/nikita98narwal/.m2/repository/org/seleniumhq/selenium/selenium-http/4.13.0/selenium-http-4.13.0.jar:/Users/nikita98narwal/.m2/repository/dev/failsafe/failsafe/3.3.2/failsafe-3.3.2.jar:/Users/nikita98narwal/.m2/repository/org/seleniumhq/selenium/selenium-ie-driver/4.13.0/selenium-ie-driver-4.13.0.jar:/Users/nikita98narwal/.m2/repository/org/seleniumhq/selenium/selenium-remote-driver/4.13.0/selenium-remote-driver-4.13.0.jar:/Users/nikita98narwal/.m2/repository/io/netty/netty-buffer/4.1.96.Final/netty-buffer-4.1.96.Final.jar:/Users/nikita98narwal/.m2/repository/io/netty/netty-codec-http/4.1.96.Final/netty-codec-http-4.1.96.Final.jar:/Users/nikita98narwal/.m2/repository/io/netty/netty-codec/4.1.96.Final/netty-codec-4.1.96.Final.jar:/Users/nikita98narwal/.m2/repository/io/netty/netty-handler/4.1.96.Final/netty-handler-4.1.96.Final.jar:/Users/nikita98narwal/.m2/repository/io/netty/netty-common/4.1.96.Final/netty-common-4.1.96.Final.jar:/Users/nikita98narwal/.m2/repository/io/netty/netty-transport-classes-epoll/4.1.96.Final/netty-transport-classes-epoll-4.1.96.Final.jar:/Users/nikita98narwal/.m2/repository/io/netty/netty-transport-classes-kqueue/4.1.96.Final/netty-transport-classes-kqueue-4.1.96.Final.jar:/Users/nikita98narwal/.m2/repository/io/netty/netty-transport-native-epoll/4.1.96.Final/netty-transport-native-epoll-4.1.96.Final.jar:/Users/nikita98narwal/.m2/repository/io/netty/netty-transport-native-kqueue/4.1.96.Final/netty-transport-native-kqueue-4.1.96.Final.jar:/Users/nikita98narwal/.m2/repository/io/netty/netty-transport-native-unix-common/4.1.96.Final/netty-transport-native-unix-common-4.1.96.Final.jar:/Users/nikita98narwal/.m2/repository/io/netty/netty-transport/4.1.96.Final/netty-transport-4.1.96.Final.jar:/Users/nikita98narwal/.m2/repository/io/netty/netty-resolver/4.1.96.Final/netty-resolver-4.1.96.Final.jar:/Users/nikita98narwal/.m2/repository/io/opentelemetry/opentelemetry-api/1.28.0/opentelemetry-api-1.28.0.jar:/Users/nikita98narwal/.m2/repository/io/opentelemetry/opentelemetry-context/1.28.0/opentelemetry-context-1.28.0.jar:/Users/nikita98narwal/.m2/repository/io/opentelemetry/opentelemetry-exporter-logging/1.28.0/opentelemetry-exporter-logging-1.28.0.jar:/Users/nikita98narwal/.m2/repository/io/opentelemetry/opentelemetry-sdk-metrics/1.28.0/opentelemetry-sdk-metrics-1.28.0.jar:/Users/nikita98narwal/.m2/repository/io/opentelemetry/opentelemetry-extension-incubator/1.28.0-alpha/opentelemetry-extension-incubator-1.28.0-alpha.jar:/Users/nikita98narwal/.m2/repository/io/opentelemetry/opentelemetry-sdk-logs/1.28.0/opentelemetry-sdk-logs-1.28.0.jar:/Users/nikita98narwal/.m2/repository/io/opentelemetry/opentelemetry-sdk-common/1.28.0/opentelemetry-sdk-common-1.28.0.jar:/Users/nikita98narwal/.m2/repository/io/opentelemetry/opentelemetry-sdk-extension-autoconfigure-spi/1.28.0/opentelemetry-sdk-extension-autoconfigure-spi-1.28.0.jar:/Users/nikita98narwal/.m2/repository/io/opentelemetry/opentelemetry-sdk-extension-autoconfigure/1.28.0/opentelemetry-sdk-extension-autoconfigure-1.28.0.jar:/Users/nikita98narwal/.m2/repository/io/opentelemetry/opentelemetry-api-events/1.28.0-alpha/opentelemetry-api-events-1.28.0-alpha.jar:/Users/nikita98narwal/.m2/repository/io/opentelemetry/opentelemetry-sdk-trace/1.28.0/opentelemetry-sdk-trace-1.28.0.jar:/Users/nikita98narwal/.m2/repository/io/opentelemetry/opentelemetry-sdk/1.28.0/opentelemetry-sdk-1.28.0.jar:/Users/nikita98narwal/.m2/repository/io/opentelemetry/opentelemetry-semconv/1.28.0-alpha/opentelemetry-semconv-1.28.0-alpha.jar:/Users/nikita98narwal/.m2/repository/net/bytebuddy/byte-buddy/1.14.5/byte-buddy-1.14.5.jar:/Users/nikita98narwal/.m2/repository/org/asynchttpclient/async-http-client/2.12.3/async-http-client-2.12.3.jar:/Users/nikita98narwal/.m2/repository/org/asynchttpclient/async-http-client-netty-utils/2.12.3/async-http-client-netty-utils-2.12.3.jar:/Users/nikita98narwal/.m2/repository/io/netty/netty-codec-socks/4.1.60.Final/netty-codec-socks-4.1.60.Final.jar:/Users/nikita98narwal/.m2/repository/io/netty/netty-handler-proxy/4.1.60.Final/netty-handler-proxy-4.1.60.Final.jar:/Users/nikita98narwal/.m2/repository/io/netty/netty-transport-native-epoll/4.1.60.Final/netty-transport-native-epoll-4.1.60.Final-linux-x86_64.jar:/Users/nikita98narwal/.m2/repository/io/netty/netty-transport-native-kqueue/4.1.60.Final/netty-transport-native-kqueue-4.1.60.Final-osx-x86_64.jar:/Users/nikita98narwal/.m2/repository/org/reactivestreams/reactive-streams/1.0.3/reactive-streams-1.0.3.jar:/Users/nikita98narwal/.m2/repository/com/typesafe/netty/netty-reactive-streams/2.0.4/netty-reactive-streams-2.0.4.jar:/Users/nikita98narwal/.m2/repository/com/sun/activation/jakarta.activation/1.2.2/jakarta.activation-1.2.2.jar:/Users/nikita98narwal/.m2/repository/org/seleniumhq/selenium/selenium-os/4.13.0/selenium-os-4.13.0.jar:/Users/nikita98narwal/.m2/repository/org/apache/commons/commons-exec/1.3/commons-exec-1.3.jar:/Users/nikita98narwal/.m2/repository/org/seleniumhq/selenium/selenium-safari-driver/4.13.0/selenium-safari-driver-4.13.0.jar:/Users/nikita98narwal/.m2/repository/org/seleniumhq/selenium/selenium-support/4.13.0/selenium-support-4.13.0.jar:/Users/nikita98narwal/.m2/repository/commons-io/commons-io/2.14.0/commons-io-2.14.0.jar:/Users/nikita98narwal/.m2/repository/org/apache/commons/commons-lang3/3.13.0/commons-lang3-3.13.0.jar:/Users/nikita98narwal/.m2/repository/org/apache/poi/poi/5.2.4/poi-5.2.4.jar:/Users/nikita98narwal/.m2/repository/commons-codec/commons-codec/1.16.0/commons-codec-1.16.0.jar:/Users/nikita98narwal/.m2/repository/org/apache/commons/commons-collections4/4.4/commons-collections4-4.4.jar:/Users/nikita98narwal/.m2/repository/org/apache/commons/commons-math3/3.6.1/commons-math3-3.6.1.jar:/Users/nikita98narwal/.m2/repository/com/zaxxer/SparseBitSet/1.3/SparseBitSet-1.3.jar:/Users/nikita98narwal/.m2/repository/org/apache/logging/log4j/log4j-api/2.20.0/log4j-api-2.20.0.jar:/Users/nikita98narwal/.m2/repository/org/apache/poi/poi-ooxml/5.2.4/poi-ooxml-5.2.4.jar:/Users/nikita98narwal/.m2/repository/org/apache/poi/poi-ooxml-lite/5.2.4/poi-ooxml-lite-5.2.4.jar:/Users/nikita98narwal/.m2/repository/org/apache/xmlbeans/xmlbeans/5.1.1/xmlbeans-5.1.1.jar:/Users/nikita98narwal/.m2/repository/org/apache/commons/commons-compress/1.24.0/commons-compress-1.24.0.jar:/Users/nikita98narwal/.m2/repository/com/github/virtuald/curvesapi/1.08/curvesapi-1.08.jar:/Users/nikita98narwal/.m2/repository/com/aventstack/extentreports/3.1.2/extentreports-3.1.2.jar:/Users/nikita98narwal/.m2/repository/org/freemarker/freemarker/2.3.23/freemarker-2.3.23.jar:/Users/nikita98narwal/.m2/repository/org/mongodb/mongodb-driver/3.3.0/mongodb-driver-3.3.0.jar:/Users/nikita98narwal/.m2/repository/org/mongodb/bson/3.3.0/bson-3.3.0.jar:/Users/nikita98narwal/.m2/repository/org/mongodb/mongodb-driver-core/3.3.0/mongodb-driver-core-3.3.0.jar:/Users/nikita98narwal/.m2/repository/org/apache/httpcomponents/httpclient/4.5.2/httpclient-4.5.2.jar:/Users/nikita98narwal/.m2/repository/org/apache/httpcomponents/httpcore/4.4.4/httpcore-4.4.4.jar:/Users/nikita98narwal/.m2/repository/commons-logging/commons-logging/1.2/commons-logging-1.2.jar:/Users/nikita98narwal/.m2/repository/org/apache/httpcomponents/httpmime/4.5.2/httpmime-4.5.2.jar:/Users/nikita98narwal/.m2/repository/org/jsoup/jsoup/1.9.2/jsoup-1.9.2.jar:/Users/nikita98narwal/.m2/repository/com/google/code/gson/gson/2.8.0/gson-2.8.0.jar:/Users/nikita98narwal/.m2/repository/log4j/log4j/1.2.17/log4j-1.2.17.jar:"/>
    <property name="java.vm.vendor" value="Oracle Corporation"/>
    <property name="sun.arch.data.model" value="64"/>
    <property name="java.vendor.url" value="https://java.oracle.com/"/>
    <property name="user.timezone" value="Asia/Kolkata"/>
    <property name="os.name" value="Mac OS X"/>
    <property name="java.vm.specification.version" value="20"/>
    <property name="sun.java.launcher" value="SUN_STANDARD"/>
    <property name="user.country" value="IN"/>
    <property name="sun.boot.library.path" value="/Library/Java/JavaVirtualMachines/jdk-20.jdk/Contents/Home/lib"/>
    <property name="sun.java.command" value="/Users/nikita98narwal/eclipse-workspace/E-Banking/target/surefire/surefirebooter-20231014035950873_3.jar /Users/nikita98narwal/eclipse-workspace/E-Banking/target/surefire 2023-10-14T03-59-50_828-jvmRun1 surefire-20231014035950873_1tmp surefire_0-20231014035950873_2tmp"/>
    <property name="http.nonProxyHosts" value="local|*.local|169.254/16|*.169.254/16"/>
    <property name="jdk.debug" value="release"/>
    <property name="surefire.test.class.path" value="/Users/nikita98narwal/eclipse-workspace/E-Banking/target/test-classes:/Users/nikita98narwal/eclipse-workspace/E-Banking/target/classes:/Users/nikita98narwal/.m2/repository/junit/junit/4.11/junit-4.11.jar:/Users/nikita98narwal/.m2/repository/org/hamcrest/hamcrest-core/1.3/hamcrest-core-1.3.jar:/Users/nikita98narwal/.m2/repository/org/testng/testng/7.8.0/testng-7.8.0.jar:/Users/nikita98narwal/.m2/repository/org/slf4j/slf4j-api/1.7.36/slf4j-api-1.7.36.jar:/Users/nikita98narwal/.m2/repository/com/beust/jcommander/1.82/jcommander-1.82.jar:/Users/nikita98narwal/.m2/repository/org/webjars/jquery/3.6.1/jquery-3.6.1.jar:/Users/nikita98narwal/.m2/repository/org/seleniumhq/selenium/selenium-java/4.13.0/selenium-java-4.13.0.jar:/Users/nikita98narwal/.m2/repository/org/seleniumhq/selenium/selenium-api/4.13.0/selenium-api-4.13.0.jar:/Users/nikita98narwal/.m2/repository/org/seleniumhq/selenium/selenium-chrome-driver/4.13.0/selenium-chrome-driver-4.13.0.jar:/Users/nikita98narwal/.m2/repository/com/google/auto/service/auto-service-annotations/1.1.1/auto-service-annotations-1.1.1.jar:/Users/nikita98narwal/.m2/repository/com/google/guava/guava/32.1.2-jre/guava-32.1.2-jre.jar:/Users/nikita98narwal/.m2/repository/com/google/guava/failureaccess/1.0.1/failureaccess-1.0.1.jar:/Users/nikita98narwal/.m2/repository/com/google/guava/listenablefuture/9999.0-empty-to-avoid-conflict-with-guava/listenablefuture-9999.0-empty-to-avoid-conflict-with-guava.jar:/Users/nikita98narwal/.m2/repository/com/google/code/findbugs/jsr305/3.0.2/jsr305-3.0.2.jar:/Users/nikita98narwal/.m2/repository/org/checkerframework/checker-qual/3.33.0/checker-qual-3.33.0.jar:/Users/nikita98narwal/.m2/repository/com/google/errorprone/error_prone_annotations/2.18.0/error_prone_annotations-2.18.0.jar:/Users/nikita98narwal/.m2/repository/com/google/j2objc/j2objc-annotations/2.8/j2objc-annotations-2.8.jar:/Users/nikita98narwal/.m2/repository/org/seleniumhq/selenium/selenium-chromium-driver/4.13.0/selenium-chromium-driver-4.13.0.jar:/Users/nikita98narwal/.m2/repository/org/seleniumhq/selenium/selenium-json/4.13.0/selenium-json-4.13.0.jar:/Users/nikita98narwal/.m2/repository/org/seleniumhq/selenium/selenium-manager/4.13.0/selenium-manager-4.13.0.jar:/Users/nikita98narwal/.m2/repository/org/seleniumhq/selenium/selenium-devtools-v115/4.13.0/selenium-devtools-v115-4.13.0.jar:/Users/nikita98narwal/.m2/repository/org/seleniumhq/selenium/selenium-devtools-v116/4.13.0/selenium-devtools-v116-4.13.0.jar:/Users/nikita98narwal/.m2/repository/org/seleniumhq/selenium/selenium-devtools-v117/4.13.0/selenium-devtools-v117-4.13.0.jar:/Users/nikita98narwal/.m2/repository/org/seleniumhq/selenium/selenium-devtools-v85/4.13.0/selenium-devtools-v85-4.13.0.jar:/Users/nikita98narwal/.m2/repository/org/seleniumhq/selenium/selenium-edge-driver/4.13.0/selenium-edge-driver-4.13.0.jar:/Users/nikita98narwal/.m2/repository/org/seleniumhq/selenium/selenium-firefox-driver/4.13.0/selenium-firefox-driver-4.13.0.jar:/Users/nikita98narwal/.m2/repository/org/seleniumhq/selenium/selenium-http/4.13.0/selenium-http-4.13.0.jar:/Users/nikita98narwal/.m2/repository/dev/failsafe/failsafe/3.3.2/failsafe-3.3.2.jar:/Users/nikita98narwal/.m2/repository/org/seleniumhq/selenium/selenium-ie-driver/4.13.0/selenium-ie-driver-4.13.0.jar:/Users/nikita98narwal/.m2/repository/org/seleniumhq/selenium/selenium-remote-driver/4.13.0/selenium-remote-driver-4.13.0.jar:/Users/nikita98narwal/.m2/repository/io/netty/netty-buffer/4.1.96.Final/netty-buffer-4.1.96.Final.jar:/Users/nikita98narwal/.m2/repository/io/netty/netty-codec-http/4.1.96.Final/netty-codec-http-4.1.96.Final.jar:/Users/nikita98narwal/.m2/repository/io/netty/netty-codec/4.1.96.Final/netty-codec-4.1.96.Final.jar:/Users/nikita98narwal/.m2/repository/io/netty/netty-handler/4.1.96.Final/netty-handler-4.1.96.Final.jar:/Users/nikita98narwal/.m2/repository/io/netty/netty-common/4.1.96.Final/netty-common-4.1.96.Final.jar:/Users/nikita98narwal/.m2/repository/io/netty/netty-transport-classes-epoll/4.1.96.Final/netty-transport-classes-epoll-4.1.96.Final.jar:/Users/nikita98narwal/.m2/repository/io/netty/netty-transport-classes-kqueue/4.1.96.Final/netty-transport-classes-kqueue-4.1.96.Final.jar:/Users/nikita98narwal/.m2/repository/io/netty/netty-transport-native-epoll/4.1.96.Final/netty-transport-native-epoll-4.1.96.Final.jar:/Users/nikita98narwal/.m2/repository/io/netty/netty-transport-native-kqueue/4.1.96.Final/netty-transport-native-kqueue-4.1.96.Final.jar:/Users/nikita98narwal/.m2/repository/io/netty/netty-transport-native-unix-common/4.1.96.Final/netty-transport-native-unix-common-4.1.96.Final.jar:/Users/nikita98narwal/.m2/repository/io/netty/netty-transport/4.1.96.Final/netty-transport-4.1.96.Final.jar:/Users/nikita98narwal/.m2/repository/io/netty/netty-resolver/4.1.96.Final/netty-resolver-4.1.96.Final.jar:/Users/nikita98narwal/.m2/repository/io/opentelemetry/opentelemetry-api/1.28.0/opentelemetry-api-1.28.0.jar:/Users/nikita98narwal/.m2/repository/io/opentelemetry/opentelemetry-context/1.28.0/opentelemetry-context-1.28.0.jar:/Users/nikita98narwal/.m2/repository/io/opentelemetry/opentelemetry-exporter-logging/1.28.0/opentelemetry-exporter-logging-1.28.0.jar:/Users/nikita98narwal/.m2/repository/io/opentelemetry/opentelemetry-sdk-metrics/1.28.0/opentelemetry-sdk-metrics-1.28.0.jar:/Users/nikita98narwal/.m2/repository/io/opentelemetry/opentelemetry-extension-incubator/1.28.0-alpha/opentelemetry-extension-incubator-1.28.0-alpha.jar:/Users/nikita98narwal/.m2/repository/io/opentelemetry/opentelemetry-sdk-logs/1.28.0/opentelemetry-sdk-logs-1.28.0.jar:/Users/nikita98narwal/.m2/repository/io/opentelemetry/opentelemetry-sdk-common/1.28.0/opentelemetry-sdk-common-1.28.0.jar:/Users/nikita98narwal/.m2/repository/io/opentelemetry/opentelemetry-sdk-extension-autoconfigure-spi/1.28.0/opentelemetry-sdk-extension-autoconfigure-spi-1.28.0.jar:/Users/nikita98narwal/.m2/repository/io/opentelemetry/opentelemetry-sdk-extension-autoconfigure/1.28.0/opentelemetry-sdk-extension-autoconfigure-1.28.0.jar:/Users/nikita98narwal/.m2/repository/io/opentelemetry/opentelemetry-api-events/1.28.0-alpha/opentelemetry-api-events-1.28.0-alpha.jar:/Users/nikita98narwal/.m2/repository/io/opentelemetry/opentelemetry-sdk-trace/1.28.0/opentelemetry-sdk-trace-1.28.0.jar:/Users/nikita98narwal/.m2/repository/io/opentelemetry/opentelemetry-sdk/1.28.0/opentelemetry-sdk-1.28.0.jar:/Users/nikita98narwal/.m2/repository/io/opentelemetry/opentelemetry-semconv/1.28.0-alpha/opentelemetry-semconv-1.28.0-alpha.jar:/Users/nikita98narwal/.m2/repository/net/bytebuddy/byte-buddy/1.14.5/byte-buddy-1.14.5.jar:/Users/nikita98narwal/.m2/repository/org/asynchttpclient/async-http-client/2.12.3/async-http-client-2.12.3.jar:/Users/nikita98narwal/.m2/repository/org/asynchttpclient/async-http-client-netty-utils/2.12.3/async-http-client-netty-utils-2.12.3.jar:/Users/nikita98narwal/.m2/repository/io/netty/netty-codec-socks/4.1.60.Final/netty-codec-socks-4.1.60.Final.jar:/Users/nikita98narwal/.m2/repository/io/netty/netty-handler-proxy/4.1.60.Final/netty-handler-proxy-4.1.60.Final.jar:/Users/nikita98narwal/.m2/repository/io/netty/netty-transport-native-epoll/4.1.60.Final/netty-transport-native-epoll-4.1.60.Final-linux-x86_64.jar:/Users/nikita98narwal/.m2/repository/io/netty/netty-transport-native-kqueue/4.1.60.Final/netty-transport-native-kqueue-4.1.60.Final-osx-x86_64.jar:/Users/nikita98narwal/.m2/repository/org/reactivestreams/reactive-streams/1.0.3/reactive-streams-1.0.3.jar:/Users/nikita98narwal/.m2/repository/com/typesafe/netty/netty-reactive-streams/2.0.4/netty-reactive-streams-2.0.4.jar:/Users/nikita98narwal/.m2/repository/com/sun/activation/jakarta.activation/1.2.2/jakarta.activation-1.2.2.jar:/Users/nikita98narwal/.m2/repository/org/seleniumhq/selenium/selenium-os/4.13.0/selenium-os-4.13.0.jar:/Users/nikita98narwal/.m2/repository/org/apache/commons/commons-exec/1.3/commons-exec-1.3.jar:/Users/nikita98narwal/.m2/repository/org/seleniumhq/selenium/selenium-safari-driver/4.13.0/selenium-safari-driver-4.13.0.jar:/Users/nikita98narwal/.m2/repository/org/seleniumhq/selenium/selenium-support/4.13.0/selenium-support-4.13.0.jar:/Users/nikita98narwal/.m2/repository/commons-io/commons-io/2.14.0/commons-io-2.14.0.jar:/Users/nikita98narwal/.m2/repository/org/apache/commons/commons-lang3/3.13.0/commons-lang3-3.13.0.jar:/Users/nikita98narwal/.m2/repository/org/apache/poi/poi/5.2.4/poi-5.2.4.jar:/Users/nikita98narwal/.m2/repository/commons-codec/commons-codec/1.16.0/commons-codec-1.16.0.jar:/Users/nikita98narwal/.m2/repository/org/apache/commons/commons-collections4/4.4/commons-collections4-4.4.jar:/Users/nikita98narwal/.m2/repository/org/apache/commons/commons-math3/3.6.1/commons-math3-3.6.1.jar:/Users/nikita98narwal/.m2/repository/com/zaxxer/SparseBitSet/1.3/SparseBitSet-1.3.jar:/Users/nikita98narwal/.m2/repository/org/apache/logging/log4j/log4j-api/2.20.0/log4j-api-2.20.0.jar:/Users/nikita98narwal/.m2/repository/org/apache/poi/poi-ooxml/5.2.4/poi-ooxml-5.2.4.jar:/Users/nikita98narwal/.m2/repository/org/apache/poi/poi-ooxml-lite/5.2.4/poi-ooxml-lite-5.2.4.jar:/Users/nikita98narwal/.m2/repository/org/apache/xmlbeans/xmlbeans/5.1.1/xmlbeans-5.1.1.jar:/Users/nikita98narwal/.m2/repository/org/apache/commons/commons-compress/1.24.0/commons-compress-1.24.0.jar:/Users/nikita98narwal/.m2/repository/com/github/virtuald/curvesapi/1.08/curvesapi-1.08.jar:/Users/nikita98narwal/.m2/repository/com/aventstack/extentreports/3.1.2/extentreports-3.1.2.jar:/Users/nikita98narwal/.m2/repository/org/freemarker/freemarker/2.3.23/freemarker-2.3.23.jar:/Users/nikita98narwal/.m2/repository/org/mongodb/mongodb-driver/3.3.0/mongodb-driver-3.3.0.jar:/Users/nikita98narwal/.m2/repository/org/mongodb/bson/3.3.0/bson-3.3.0.jar:/Users/nikita98narwal/.m2/repository/org/mongodb/mongodb-driver-core/3.3.0/mongodb-driver-core-3.3.0.jar:/Users/nikita98narwal/.m2/repository/org/apache/httpcomponents/httpclient/4.5.2/httpclient-4.5.2.jar:/Users/nikita98narwal/.m2/repository/org/apache/httpcomponents/httpcore/4.4.4/httpcore-4.4.4.jar:/Users/nikita98narwal/.m2/repository/commons-logging/commons-logging/1.2/commons-logging-1.2.jar:/Users/nikita98narwal/.m2/repository/org/apache/httpcomponents/httpmime/4.5.2/httpmime-4.5.2.jar:/Users/nikita98narwal/.m2/repository/org/jsoup/jsoup/1.9.2/jsoup-1.9.2.jar:/Users/nikita98narwal/.m2/repository/com/google/code/gson/gson/2.8.0/gson-2.8.0.jar:/Users/nikita98narwal/.m2/repository/log4j/log4j/1.2.17/log4j-1.2.17.jar:"/>
    <property name="sun.cpu.endian" value="little"/>
    <property name="user.home" value="/Users/nikita98narwal"/>
    <property name="user.language" value="en"/>
    <property name="java.specification.vendor" value="Oracle Corporation"/>
    <property name="java.version.date" value="2023-07-18"/>
    <property name="java.home" value="/Library/Java/JavaVirtualMachines/jdk-20.jdk/Contents/Home"/>
    <property name="file.separator" value="/"/>
    <property name="basedir" value="/Users/nikita98narwal/eclipse-workspace/E-Banking"/>
    <property name="java.vm.compressedOopsMode" value="Zero based"/>
    <property name="line.separator" value="&#10;"/>
    <property name="java.vm.specification.vendor" value="Oracle Corporation"/>
    <property name="java.specification.name" value="Java Platform API Specification"/>
    <property name="apple.awt.application.name" value="ForkedBooter"/>
    <property name="surefire.real.class.path" value="/Users/nikita98narwal/eclipse-workspace/E-Banking/target/surefire/surefirebooter-20231014035950873_3.jar"/>
    <property name="sun.management.compiler" value="HotSpot 64-Bit Tiered Compilers"/>
    <property name="ftp.nonProxyHosts" value="local|*.local|169.254/16|*.169.254/16"/>
    <property name="java.runtime.version" value="20.0.2+9-78"/>
    <property name="user.name" value="nikita98narwal"/>
    <property name="stdout.encoding" value="UTF-8"/>
    <property name="path.separator" value=":"/>
    <property name="os.version" value="14.0"/>
    <property name="java.runtime.name" value="Java(TM) SE Runtime Environment"/>
    <property name="file.encoding" value="UTF-8"/>
    <property name="java.vm.name" value="Java HotSpot(TM) 64-Bit Server VM"/>
    <property name="localRepository" value="/Users/nikita98narwal/.m2/repository"/>
    <property name="java.vendor.url.bug" value="https://bugreport.java.com/bugreport/"/>
    <property name="java.io.tmpdir" value="/var/folders/vb/8l5pwf3x7291zz1w6nwfcqxh0000gn/T/"/>
    <property name="java.version" value="20.0.2"/>
    <property name="user.dir" value="/Users/nikita98narwal/eclipse-workspace/E-Banking"/>
    <property name="os.arch" value="aarch64"/>
    <property name="java.vm.specification.name" value="Java Virtual Machine Specification"/>
    <property name="native.encoding" value="UTF-8"/>
    <property name="java.library.path" value="/Users/nikita98narwal/Library/Java/Extensions:/Library/Java/Extensions:/Network/Library/Java/Extensions:/System/Library/Java/Extensions:/usr/lib/java:."/>
    <property name="java.vm.info" value="mixed mode, sharing"/>
    <property name="stderr.encoding" value="UTF-8"/>
    <property name="java.vendor" value="Oracle Corporation"/>
    <property name="java.vm.version" value="20.0.2+9-78"/>
    <property name="sun.io.unicode.encoding" value="UnicodeBig"/>
    <property name="socksNonProxyHosts" value="local|*.local|169.254/16|*.169.254/16"/>
    <property name="java.class.version" value="64.0"/>
  </properties>
  <testcase name="addNewCustomer" classname="eBanking.testCases.AddCustomer_TC03" time="18.029">
    <failure message="no such element: Unable to locate element: {&quot;method&quot;:&quot;css selector&quot;,&quot;selector&quot;:&quot;*[name=&apos;name&apos;]&quot;}&#10;  (Session info: chrome=118.0.5993.70)&#10;For documentation on this error, please visit: https://www.selenium.dev/documentation/webdriver/troubleshooting/errors#no-such-element-exception&#10;Build info: version: &apos;4.13.0&apos;, revision: &apos;ba948ece5b*&apos;&#10;System info: os.name: &apos;Mac OS X&apos;, os.arch: &apos;aarch64&apos;, os.version: &apos;14.0&apos;, java.version: &apos;20.0.2&apos;&#10;Driver info: org.openqa.selenium.chrome.ChromeDriver&#10;Command: [4b535f18ad70a41622729e3761d35a96, findElement {using=name, value=name}]&#10;Capabilities {acceptInsecureCerts: false, browserName: chrome, browserVersion: 118.0.5993.70, chrome: {chromedriverVersion: 117.0.5938.149 (e3344ddefa1..., userDataDir: /var/folders/vb/8l5pwf3x729...}, fedcm:accounts: true, goog:chromeOptions: {debuggerAddress: localhost:51911}, networkConnectionEnabled: false, pageLoadStrategy: normal, platformName: mac, proxy: Proxy(), se:cdp: ws://localhost:51911/devtoo..., se:cdpVersion: 118.0.5993.70, setWindowRect: true, strictFileInteractability: false, timeouts: {implicit: 0, pageLoad: 300000, script: 30000}, unhandledPromptBehavior: dismiss and notify, webauthn:extension:credBlob: true, webauthn:extension:largeBlob: true, webauthn:extension:minPinLength: true, webauthn:extension:prf: true, webauthn:virtualAuthenticators: true}&#10;Session ID: 4b535f18ad70a41622729e3761d35a96" type="org.openqa.selenium.NoSuchElementException"><![CDATA[org.openqa.selenium.NoSuchElementException: 
no such element: Unable to locate element: {"method":"css selector","selector":"*[name='name']"}
  (Session info: chrome=118.0.5993.70)
For documentation on this error, please visit: https://www.selenium.dev/documentation/webdriver/troubleshooting/errors#no-such-element-exception
Build info: version: '4.13.0', revision: 'ba948ece5b*'
System info: os.name: 'Mac OS X', os.arch: 'aarch64', os.version: '14.0', java.version: '20.0.2'
Driver info: org.openqa.selenium.chrome.ChromeDriver
Command: [4b535f18ad70a41622729e3761d35a96, findElement {using=name, value=name}]
Capabilities {acceptInsecureCerts: false, browserName: chrome, browserVersion: 118.0.5993.70, chrome: {chromedriverVersion: 117.0.5938.149 (e3344ddefa1..., userDataDir: /var/folders/vb/8l5pwf3x729...}, fedcm:accounts: true, goog:chromeOptions: {debuggerAddress: localhost:51911}, networkConnectionEnabled: false, pageLoadStrategy: normal, platformName: mac, proxy: Proxy(), se:cdp: ws://localhost:51911/devtoo..., se:cdpVersion: 118.0.5993.70, setWindowRect: true, strictFileInteractability: false, timeouts: {implicit: 0, pageLoad: 300000, script: 30000}, unhandledPromptBehavior: dismiss and notify, webauthn:extension:credBlob: true, webauthn:extension:largeBlob: true, webauthn:extension:minPinLength: true, webauthn:extension:prf: true, webauthn:virtualAuthenticators: true}
Session ID: 4b535f18ad70a41622729e3761d35a96
	at java.base/jdk.internal.reflect.DirectConstructorHandleAccessor.newInstance(DirectConstructorHandleAccessor.java:67)
	at java.base/java.lang.reflect.Constructor.newInstanceWithCaller(Constructor.java:500)
	at java.base/java.lang.reflect.Constructor.newInstance(Constructor.java:484)
	at org.openqa.selenium.remote.codec.w3c.W3CHttpResponseCodec.createException(W3CHttpResponseCodec.java:200)
	at org.openqa.selenium.remote.codec.w3c.W3CHttpResponseCodec.decode(W3CHttpResponseCodec.java:133)
	at org.openqa.selenium.remote.codec.w3c.W3CHttpResponseCodec.decode(W3CHttpResponseCodec.java:52)
	at org.openqa.selenium.remote.HttpCommandExecutor.execute(HttpCommandExecutor.java:191)
	at org.openqa.selenium.remote.service.DriverCommandExecutor.invokeExecute(DriverCommandExecutor.java:196)
	at org.openqa.selenium.remote.service.DriverCommandExecutor.execute(DriverCommandExecutor.java:171)
	at org.openqa.selenium.remote.RemoteWebDriver.execute(RemoteWebDriver.java:602)
	at org.openqa.selenium.remote.ElementLocation$ElementFinder$2.findElement(ElementLocation.java:165)
	at org.openqa.selenium.remote.ElementLocation.findElement(ElementLocation.java:59)
	at org.openqa.selenium.remote.RemoteWebDriver.findElement(RemoteWebDriver.java:359)
	at org.openqa.selenium.remote.RemoteWebDriver.findElement(RemoteWebDriver.java:353)
	at org.openqa.selenium.support.pagefactory.DefaultElementLocator.findElement(DefaultElementLocator.java:68)
	at org.openqa.selenium.support.pagefactory.internal.LocatingElementHandler.invoke(LocatingElementHandler.java:38)
	at jdk.proxy2/jdk.proxy2.$Proxy14.sendKeys(Unknown Source)
	at eBanking.pageObjects.AddCustomerPage.custName(AddCustomerPage.java:72)
	at eBanking.testCases.AddCustomer_TC03.addNewCustomer(AddCustomer_TC03.java:33)
	at java.base/jdk.internal.reflect.DirectMethodHandleAccessor.invoke(DirectMethodHandleAccessor.java:104)
	at java.base/java.lang.reflect.Method.invoke(Method.java:578)
	at org.testng.internal.invokers.MethodInvocationHelper.invokeMethod(MethodInvocationHelper.java:139)
	at org.testng.internal.invokers.TestInvoker.invokeMethod(TestInvoker.java:664)
	at org.testng.internal.invokers.TestInvoker.invokeTestMethod(TestInvoker.java:227)
	at org.testng.internal.invokers.MethodRunner.runInSequence(MethodRunner.java:50)
	at org.testng.internal.invokers.TestInvoker$MethodInvocationAgent.invoke(TestInvoker.java:957)
	at org.testng.internal.invokers.TestInvoker.invokeTestMethods(TestInvoker.java:200)
	at org.testng.internal.invokers.TestMethodWorker.invokeTestMethods(TestMethodWorker.java:148)
	at org.testng.internal.invokers.TestMethodWorker.run(TestMethodWorker.java:128)
	at java.base/java.util.ArrayList.forEach(ArrayList.java:1511)
	at org.testng.TestRunner.privateRun(TestRunner.java:848)
	at org.testng.TestRunner.run(TestRunner.java:621)
	at org.testng.SuiteRunner.runTest(SuiteRunner.java:443)
	at org.testng.SuiteRunner.runSequentially(SuiteRunner.java:437)
	at org.testng.SuiteRunner.privateRun(SuiteRunner.java:397)
	at org.testng.SuiteRunner.run(SuiteRunner.java:336)
	at org.testng.SuiteRunnerWorker.runSuite(SuiteRunnerWorker.java:52)
	at org.testng.SuiteRunnerWorker.run(SuiteRunnerWorker.java:95)
	at org.testng.TestNG.runSuitesSequentially(TestNG.java:1280)
	at org.testng.TestNG.runSuitesLocally(TestNG.java:1200)
	at org.testng.TestNG.runSuites(TestNG.java:1114)
	at org.testng.TestNG.run(TestNG.java:1082)
	at org.apache.maven.surefire.testng.TestNGExecutor.run(TestNGExecutor.java:308)
	at org.apache.maven.surefire.testng.TestNGXmlTestSuite.execute(TestNGXmlTestSuite.java:71)
	at org.apache.maven.surefire.testng.TestNGProvider.invoke(TestNGProvider.java:113)
	at org.apache.maven.surefire.booter.ForkedBooter.runSuitesInProcess(ForkedBooter.java:385)
	at org.apache.maven.surefire.booter.ForkedBooter.execute(ForkedBooter.java:162)
	at org.apache.maven.surefire.booter.ForkedBooter.run(ForkedBooter.java:507)
	at org.apache.maven.surefire.booter.ForkedBooter.main(ForkedBooter.java:495)
]]></failure>
    <system-out><![CDATA[ INFO [main] (AddCustomer_TC03.java:19)- User name is provided
 INFO [main] (AddCustomer_TC03.java:21)- Passsword is provided
 INFO [main] (AddCustomer_TC03.java:30)- providing customer details....
]]></system-out>
    <system-err><![CDATA[SLF4J: Failed to load class "org.slf4j.impl.StaticLoggerBinder".
SLF4J: Defaulting to no-operation (NOP) logger implementation
SLF4J: See http://www.slf4j.org/codes.html#StaticLoggerBinder for further details.
ERROR StatusLogger Log4j2 could not find a logging implementation. Please add log4j-core to the classpath. Using SimpleLogger to log to the console...
Oct 14, 2023 4:00:01 AM org.openqa.selenium.devtools.CdpVersionFinder findNearestMatch
WARNING: Unable to find an exact match for CDP version 118, so returning the closest version found: 117
]]></system-err>
  </testcase>
</testsuite>