<?xml version="1.0" encoding="UTF-8"?>
<!-- Generated by org.testng.reporters.JUnitReportReporter -->
<testsuite hostname="Nikitas-MacBook-Air.local" failures="0" tests="1" name="eBanking.testCases.AddCustomer_TC03" time="25.408" errors="0" timestamp="2023-10-14T03:59:04 IST" skipped="0">
  <testcase classname="eBanking.testCases.AddCustomer_TC03" name="addNewCustomer" time="25.408"/>
</testsuite> <!-- eBanking.testCases.AddCustomer_TC03 -->
