<?xml version="1.0" encoding="UTF-8"?>
<!-- Generated by org.testng.reporters.JUnitReportReporter -->
<testsuite hostname="Nikitas-MacBook-Air.local" failures="0" tests="1" name="eBanking.testCases.Login_TC01" time="6.907" errors="0" timestamp="2023-10-14T03:54:38 IST" skipped="0">
  <testcase classname="eBanking.testCases.Login_TC01" name="loginTest" time="6.907"/>
</testsuite> <!-- eBanking.testCases.Login_TC01 -->
